<?xml version="1.0" encoding="UTF-8"?>
<!-- Generated by org.testng.reporters.JUnitXMLReporter -->
<testsuite hostname="DESKTOP-RT1RM8J" ignored="0" name="Default test" tests="3" failures="0" timestamp="2022-01-21T09:11:08 IST" time="38.375" errors="0">
  <testcase name="loginWithAdmin" time="7.083" classname="com.learnautomation.testcases.CreateUser"/>
  <testcase name="createUser" time="10.645" classname="com.learnautomation.testcases.CreateUser"/>
  <testcase name="logout" time="1.886" classname="com.learnautomation.testcases.CreateUser"/>
</testsuite> <!-- Default test -->
