<?xml version="1.0" encoding="UTF-8"?>
<testsuite xmlns:xsi="http://www.w3.org/2001/XMLSchema-instance" xsi:noNamespaceSchemaLocation="https://maven.apache.org/surefire/maven-surefire-plugin/xsd/surefire-test-report-3.0.xsd" version="3.0" name="TestSuite" time="29.138" tests="2" errors="0" skipped="0" failures="0">
  <properties>
[...]
</properties>
  <testcase name="loginWithAdmin[Admin, admin123](1)" classname="com.learnautomation.testcases.LoginWithPOM" time="5.131">
    <system-out><![CDATA[Remote value is false
Browser value is Edge
URL value is https://opensource-demo.orangehrmlive.com
LOG:INFO- Test will be executing locally
Thread Information 15
Browser value is Edge
URL value is https://opensource-demo.orangehrmlive.com
LOG:INFO- Browser Started Edge
LOG:INFO - Excel Data Getting Ready
LOG:INFO - Excel Data Ready
LOG:INFO- Creating New Test Object
LOG:INFO- Test Passed
]]></system-out>
    <system-err><![CDATA[SLF4J: Failed to load class "org.slf4j.impl.StaticLoggerBinder".
SLF4J: Defaulting to no-operation (NOP) logger implementation
SLF4J: See http://www.slf4j.org/codes.html#StaticLoggerBinder for further details.
Starting MSEdgeDriver 98.0.1108.43 (291a4aac9d385e528a1ded0dee8d29c81fdad737) on port 65162
Only local connections are allowed.
Please see https://chromedriver.chromium.org/security-considerations for suggestions on keeping MSEdgeDriver safe.
MSEdgeDriver was started successfully.
Feb 08, 2022 9:45:48 AM org.openqa.selenium.remote.ProtocolHandshake createSession
INFO: Detected dialect: W3C
Feb 08, 2022 9:45:49 AM org.openqa.selenium.devtools.CdpVersionFinder findNearestMatch
WARNING: Unable to find an exact match for CDP version 98, so returning the closest version found: 95
Feb 08, 2022 9:45:49 AM org.openqa.selenium.devtools.CdpVersionFinder findNearestMatch
INFO: Found CDP implementation for version 98 of 95
]]></system-err>
  </testcase>
  <testcase name="logout" classname="com.learnautomation.testcases.LoginWithPOM" time="1.318">
    <system-out><![CDATA[LOG:INFO- Creating New Test Object
LOG:INFO- Test Passed
]]></system-out>
  </testcase>
</testsuite>