<?xml version="1.0" encoding="UTF-8"?>
<testsuite xmlns:xsi="http://www.w3.org/2001/XMLSchema-instance" xsi:noNamespaceSchemaLocation="https://maven.apache.org/surefire/maven-surefire-plugin/xsd/surefire-test-report-3.0.xsd" version="3.0" name="TestSuite" time="49.102" tests="6" errors="0" skipped="0" failures="0">
  <properties>
[...]
</properties>
  <testcase name="loginWithAdmin[Admin, admin123](1)" classname="com.learnautomation.testcases.LoginWithPOM" time="7.534">
    <system-out><![CDATA[LOG:INFO- Test will be executing locally
LOG:INFO- Test will be executing on cloud
Thread Information 15
LOG:INFO- Test will be executing on cloud
LOG:INFO - Creating new object of properties file
LOG:INFO - Existing object found - reusing objects
LOG:INFO - Existing object found - reusing objects
LOG:INFO - Existing object found - reusing objects
LOG:INFO - Existing object found - reusing objects
LOG:INFO - Existing object found - reusing objects
LOG:INFO - Existing object found - reusing objects
LOG:INFO- Browser Started
LOG:INFO - Excel Data Getting Ready
LOG:INFO- Session started on cloud
LOG:INFO - Excel Data Getting Ready
LOG:INFO - Excel Data Ready
LOG:INFO - Excel Data Ready
LOG:INFO- Creating New Test Object
LOG:INFO- Creating New Test Object
]]></system-out>
    <system-err><![CDATA[Jan 21, 2022 9:04:59 AM org.openqa.selenium.remote.tracing.opentelemetry.OpenTelemetryTracer createTracer
INFO: Using OpenTelemetry for tracing
SLF4J: Failed to load class "org.slf4j.impl.StaticLoggerBinder".
SLF4J: Defaulting to no-operation (NOP) logger implementation
SLF4J: See http://www.slf4j.org/codes.html#StaticLoggerBinder for further details.
Starting ChromeDriver 97.0.4692.71 (adefa7837d02a07a604c1e6eff0b3a09422ab88d-refs/branch-heads/4692@{#1247}) on port 63670
Only local connections are allowed.
Please see https://chromedriver.chromium.org/security-considerations for suggestions on keeping ChromeDriver safe.
ChromeDriver was started successfully.
Jan 21, 2022 9:05:09 AM org.openqa.selenium.remote.ProtocolHandshake createSession
INFO: Detected dialect: W3C
Jan 21, 2022 9:05:09 AM org.openqa.selenium.devtools.CdpVersionFinder findNearestMatch
WARNING: Unable to find an exact match for CDP version 97, so returning the closest version found: 95
Jan 21, 2022 9:05:09 AM org.openqa.selenium.devtools.CdpVersionFinder findNearestMatch
INFO: Found CDP implementation for version 97 of 95
Jan 21, 2022 9:05:12 AM org.openqa.selenium.remote.ProtocolHandshake createSession
INFO: Detected dialect: W3C
Jan 21, 2022 9:05:26 AM org.openqa.selenium.remote.ProtocolHandshake createSession
INFO: Detected dialect: W3C
]]></system-err>
  </testcase>
  <testcase name="loginWithAdmin[Admin, admin123](1)" classname="com.learnautomation.testcases.LoginWithPOM" time="0.76">
    <system-out><![CDATA[LOG:INFO- Test Passed
LOG:INFO - Existing object found - reusing objects
LOG:INFO- Creating New Test Object
]]></system-out>
  </testcase>
  <testcase name="loginWithAdmin[Admin, admin123](1)" classname="com.learnautomation.testcases.LoginWithPOM" time="6.888">
    <system-out><![CDATA[LOG:INFO- Test Passed
LOG:INFO- Browser closed 
LOG:INFO- Report getting ready
LOG:INFO- Report Generated
LOG:INFO- Browser closed 
LOG:INFO- Report getting ready
LOG:INFO- Report Generated
]]></system-out>
    <system-err><![CDATA[Jan 21, 2022 9:05:34 AM org.openqa.selenium.os.OsProcess destroy
SEVERE: Unable to kill process java.lang.ProcessImpl@72fdfdcf
]]></system-err>
  </testcase>
  <testcase name="logout" classname="com.learnautomation.testcases.LoginWithPOM" time="0.826">
    <system-out><![CDATA[LOG:INFO- Test Passed
LOG:INFO- Creating New Test Object
]]></system-out>
  </testcase>
  <testcase name="logout" classname="com.learnautomation.testcases.LoginWithPOM" time="0.293">
    <system-out><![CDATA[LOG:INFO- Test Passed
LOG:INFO- Session started on cloud
LOG:INFO - Excel Data Getting Ready
LOG:INFO - Excel Data Ready
LOG:INFO- Creating New Test Object
]]></system-out>
  </testcase>
  <testcase name="logout" classname="com.learnautomation.testcases.LoginWithPOM" time="5.03">
    <system-out><![CDATA[LOG:INFO- Test Passed
LOG:INFO- Creating New Test Object
]]></system-out>
  </testcase>
</testsuite>