<?xml version="1.0" encoding="UTF-8"?>
<testng-results skipped="0" failed="0" ignored="0" total="2" passed="2">
  <reporter-output>
  </reporter-output>
  <suite name="Suite" duration-ms="26642" started-at="2022-02-08T09:45:35 IST" finished-at="2022-02-08T09:46:01 IST">
    <groups>
    </groups>
    <test name="TestWin11" duration-ms="26642" started-at="2022-02-08T09:45:35 IST" finished-at="2022-02-08T09:46:01 IST">
      <class name="com.learnautomation.testcases.LoginWithPOM">
        <test-method status="PASS" signature="setUP(java.lang.String,java.lang.String,java.lang.String,java.lang.String,java.lang.String,java.lang.String)[pri:0, instance:com.learnautomation.testcases.LoginWithPOM@62150f9e]" name="setUP" is-config="true" duration-ms="17719" started-at="2022-02-08T09:45:35 IST" finished-at="2022-02-08T09:45:52 IST">
          <params>
            <param index="0">
              <value>
                <![CDATA[false]]>
              </value>
            </param>
            <param index="1">
              <value>
                <![CDATA[]]>
              </value>
            </param>
            <param index="2">
              <value>
                <![CDATA[]]>
              </value>
            </param>
            <param index="3">
              <value>
                <![CDATA[Edge]]>
              </value>
            </param>
            <param index="4">
              <value>
                <![CDATA[]]>
              </value>
            </param>
            <param index="5">
              <value>
                <![CDATA[https://opensource-demo.orangehrmlive.com]]>
              </value>
            </param>
          </params>
          <reporter-output>
          </reporter-output>
        </test-method> <!-- setUP -->
        <test-method status="PASS" signature="setupDriver()[pri:0, instance:com.learnautomation.testcases.LoginWithPOM@62150f9e]" name="setupDriver" is-config="true" duration-ms="1" started-at="2022-02-08T09:45:54 IST" finished-at="2022-02-08T09:45:54 IST">
          <reporter-output>
          </reporter-output>
        </test-method> <!-- setupDriver -->
        <test-method status="PASS" signature="loginWithAdmin(java.lang.String,java.lang.String)[pri:1, instance:com.learnautomation.testcases.LoginWithPOM@62150f9e]" name="loginWithAdmin" duration-ms="5230" started-at="2022-02-08T09:45:54 IST" data-provider="loginDataExcel" finished-at="2022-02-08T09:45:59 IST">
          <params>
            <param index="0">
              <value>
                <![CDATA[Admin]]>
              </value>
            </param>
            <param index="1">
              <value>
                <![CDATA[admin123]]>
              </value>
            </param>
          </params>
          <reporter-output>
          </reporter-output>
        </test-method> <!-- loginWithAdmin -->
        <test-method status="PASS" signature="setupDriver()[pri:0, instance:com.learnautomation.testcases.LoginWithPOM@62150f9e]" name="setupDriver" is-config="true" duration-ms="0" started-at="2022-02-08T09:45:59 IST" finished-at="2022-02-08T09:45:59 IST">
          <reporter-output>
          </reporter-output>
        </test-method> <!-- setupDriver -->
        <test-method status="PASS" signature="logout()[pri:2, instance:com.learnautomation.testcases.LoginWithPOM@62150f9e]" name="logout" duration-ms="1325" started-at="2022-02-08T09:45:59 IST" depends-on-methods="com.learnautomation.testcases.LoginWithPOM.loginWithAdmin" finished-at="2022-02-08T09:46:00 IST">
          <reporter-output>
          </reporter-output>
        </test-method> <!-- logout -->
        <test-method status="PASS" signature="tearDown()[pri:0, instance:com.learnautomation.testcases.LoginWithPOM@62150f9e]" name="tearDown" is-config="true" duration-ms="1125" started-at="2022-02-08T09:46:00 IST" finished-at="2022-02-08T09:46:01 IST">
          <reporter-output>
          </reporter-output>
        </test-method> <!-- tearDown -->
      </class> <!-- com.learnautomation.testcases.LoginWithPOM -->
    </test> <!-- TestWin11 -->
  </suite> <!-- Suite -->
</testng-results>
